2026-02-21T00:57:04.893 [COM9 <<] W (945) wifi:(itwt)itwt_stop_process!
2026-02-21T00:57:04.894 [COM9 <<] I (945) mesh: [IO]enable self-organizing, search parent<adaptive>
2026-02-21T00:57:04.894 [COM9 <<] W (946) wifi:(itwt)itwt_stop_process!
2026-02-21T00:57:04.894 [COM9 <<] [mesh] Mesh started
2026-02-21T00:57:04.895 [COM9 <<] W (953) wifi:<MESH AP>adjust channel:1, secondary channel offset:1(40U)
2026-02-21T00:57:05.004 [COM9 <<] I (954) wifi:Total power save buffer number: 16
2026-02-21T00:57:05.004 [COM9 <<] [mesh] FTM Responder enabled on SoftAP
2026-02-21T00:57:05.004 [COM9 <<] [mesh] Mesh starting...
2026-02-21T00:57:05.224 [COM9 <<] I (1250) mesh: [SCAN][ch:1]AP:1, other(ID:0, RD:0), MAP:0, idle:0, candidate:0, root:0, topMAP:0[c:0,i:0][00:00:00:00:00:00][FIXED-ROOT]<>
2026-02-21T00:57:05.227 [COM9 <<] I (1251) mesh: [FAIL][1]root:0, fail:1, normal:0
2026-02-21T00:57:05.227 [COM9 <<] 
2026-02-21T00:57:05.549 [COM9 <<] I (1557) mesh: [SCAN][ch:1]AP:1, other(ID:0, RD:0), MAP:1, idle:1, candidate:0, root:0, topMAP:0[c:0,i:0][00:00:00:00:00:00][FIXED-ROOT]<>
2026-02-21T00:57:05.549 [COM9 <<] I (1558) mesh: [FAIL][2]root:0, fail:2, normal:0
2026-02-21T00:57:05.549 [COM9 <<] 
2026-02-21T00:57:05.875 [COM9 <<] I (1864) mesh: [SCAN][ch:1]AP:1, other(ID:0, RD:0), MAP:1, idle:1, candidate:0, root:0, topMAP:0[c:0,i:0][00:00:00:00:00:00][FIXED-ROOT]<>
2026-02-21T00:57:05.875 [COM9 <<] I (1865) mesh: [FAIL][3]root:0, fail:3, normal:0
2026-02-21T00:57:05.875 [COM9 <<] 
2026-02-21T00:57:05.989 [COM9 <<] I (1991) mesh: [SCAN][ch:1]AP:1, other(ID:0, RD:0), MAP:1, idle:1, candidate:0, root:0, topMAP:0[c:0,i:0][00:00:00:00:00:00][FIXED-ROOT]<>
2026-02-21T00:57:05.989 [COM9 <<] I (1992) mesh: [FAIL][4]root:0, fail:4, normal:0
2026-02-21T00:57:05.989 [COM9 <<] 
2026-02-21T00:57:06.292 [COM9 <<] I (2297) mesh: [SCAN][ch:1]AP:1, other(ID:0, RD:0), MAP:1, idle:1, candidate:0, root:0, topMAP:0[c:0,i:0][00:00:00:00:00:00][FIXED-ROOT]<>
2026-02-21T00:57:06.292 [COM9 <<] I (2299) mesh: [FAIL][5]root:0, fail:5, normal:0
2026-02-21T00:57:06.292 [COM9 <<] 
2026-02-21T00:57:06.625 [COM9 <<] I (2604) mesh: [SCAN][ch:1]AP:1, other(ID:0, RD:0), MAP:1, idle:1, candidate:0, root:0, topMAP:0[c:0,i:0][00:00:00:00:00:00][FIXED-ROOT]<>
2026-02-21T00:57:06.625 [COM9 <<] I (2605) mesh: [FAIL][6]root:0, fail:6, normal:0
2026-02-21T00:57:06.625 [COM9 <<] 
2026-02-21T00:57:06.727 [COM9 <<] I (2731) mesh: [SCAN][ch:1]AP:1, other(ID:0, RD:0), MAP:1, idle:1, candidate:0, root:0, topMAP:0[c:0,i:0][00:00:00:00:00:00][FIXED-ROOT]<>
2026-02-21T00:57:06.727 [COM9 <<] I (2732) mesh: [FAIL][7]root:0, fail:7, normal:0
2026-02-21T00:57:06.727 [COM9 <<] 
2026-02-21T00:57:07.049 [COM9 <<] I (3038) mesh: [SCAN][ch:1]AP:1, other(ID:0, RD:0), MAP:1, idle:1, candidate:0, root:0, topMAP:0[c:0,i:0][00:00:00:00:00:00][FIXED-ROOT]<>
2026-02-21T00:57:07.050 [COM9 <<] I (3039) mesh: [FAIL][8]root:0, fail:8, normal:0
2026-02-21T00:57:07.050 [COM9 <<] 
2026-02-21T00:57:07.364 [COM9 <<] I (3345) mesh: [SCAN][ch:1]AP:1, other(ID:0, RD:0), MAP:1, idle:1, candidate:0, root:0, topMAP:0[c:0,i:0][00:00:00:00:00:00][FIXED-ROOT]<>
2026-02-21T00:57:07.365 [COM9 <<] I (3346) mesh: [FAIL][9]root:0, fail:9, normal:0
2026-02-21T00:57:07.365 [COM9 <<] 
2026-02-21T00:57:07.469 [COM9 <<] I (3472) mesh: [SCAN][ch:1]AP:1, other(ID:0, RD:0), MAP:1, idle:1, candidate:0, root:0, topMAP:0[c:0,i:0][00:00:00:00:00:00][FIXED-ROOT]<>
2026-02-21T00:57:07.469 [COM9 <<] I (3473) mesh: [FAIL][10]root:0, fail:10, normal:0
2026-02-21T00:57:07.470 [COM9 <<] 
2026-02-21T00:57:07.798 [COM9 <<] I (3779) mesh: [SCAN][ch:1]AP:1, other(ID:0, RD:0), MAP:1, idle:1, candidate:0, root:0, topMAP:0[c:0,i:0][00:00:00:00:00:00][FIXED-ROOT]<>
2026-02-21T00:57:07.798 [COM9 <<] I (3780) mesh: [FAIL][11]root:0, fail:11, normal:0
2026-02-21T00:57:07.798 [COM9 <<] 
2026-02-21T00:57:08.028 [COM9 <<] I (4086) mesh: [SCAN][ch:1]AP:1, other(ID:0, RD:0), MAP:1, idle:1, candidate:0, root:0, topMAP:0[c:0,i:0][00:00:00:00:00:00][FIXED-ROOT]<>
2026-02-21T00:57:08.028 [COM9 <<] I (4087) mesh: [FAIL][12]root:0, fail:12, normal:0
2026-02-21T00:57:08.028 [COM9 <<] 
2026-02-21T00:57:08.249 [COM9 <<] I (4213) mesh: [SCAN][ch:1]AP:1, other(ID:0, RD:0), MAP:1, idle:1, candidate:0, root:0, topMAP:0[c:0,i:0][00:00:00:00:00:00][FIXED-ROOT]<>
2026-02-21T00:57:08.249 [COM9 <<] I (4214) mesh: [FAIL][13]root:0, fail:13, normal:0
2026-02-21T00:57:08.249 [COM9 <<] 
2026-02-21T00:57:08.479 [COM9 <<] I (4520) mesh: [SCAN][ch:1]AP:1, other(ID:0, RD:0), MAP:1, idle:1, candidate:0, root:0, topMAP:0[c:0,i:0][00:00:00:00:00:00][FIXED-ROOT]<>
2026-02-21T00:57:08.479 [COM9 <<] I (4521) mesh: [FAIL][14]root:0, fail:14, normal:0
2026-02-21T00:57:08.479 [COM9 <<] 
2026-02-21T00:57:08.819 [COM9 <<] I (4827) mesh: [SCAN][ch:1]AP:1, other(ID:0, RD:0), MAP:1, idle:1, candidate:0, root:0, topMAP:0[c:0,i:0][00:00:00:00:00:00][FIXED-ROOT]<>
2026-02-21T00:57:08.819 [COM9 <<] I (4828) mesh: [FAIL][15]root:0, fail:15, normal:0
2026-02-21T00:57:08.819 [COM9 <<] 
2026-02-21T00:57:08.928 [COM9 <<] I (4954) mesh: [SCAN][ch:1]AP:1, other(ID:0, RD:0), MAP:1, idle:1, candidate:0, root:0, topMAP:0[c:0,i:0][00:00:00:00:00:00][FIXED-ROOT]<>
2026-02-21T00:57:08.928 [COM9 <<] I (4955) mesh: [FAIL][16]root:0, fail:16, normal:0
2026-02-21T00:57:08.928 [COM9 <<] 
2026-02-21T00:57:09.254 [COM9 <<] I (5261) mesh: [SCAN][ch:1]AP:1, other(ID:0, RD:0), MAP:1, idle:1, candidate:0, root:0, topMAP:0[c:0,i:0][00:00:00:00:00:00][FIXED-ROOT]<>
2026-02-21T00:57:09.254 [COM9 <<] I (5262) mesh: [FAIL][17]root:0, fail:17, normal:0
2026-02-21T00:57:09.254 [COM9 <<] 
2026-02-21T00:57:09.599 [COM9 <<] I (5568) mesh: [SCAN][ch:1]AP:1, other(ID:0, RD:0), MAP:1, idle:1, candidate:0, root:0, topMAP:0[c:0,i:0][00:00:00:00:00:00][FIXED-ROOT]<>
2026-02-21T00:57:09.599 [COM9 <<] I (5569) mesh: [FAIL][18]root:0, fail:18, normal:0
2026-02-21T00:57:09.600 [COM9 <<] 
2026-02-21T00:57:09.716 [COM9 <<] I (5695) mesh: [SCAN][ch:1]AP:1, other(ID:0, RD:0), MAP:1, idle:1, candidate:0, root:0, topMAP:0[c:0,i:0][00:00:00:00:00:00][FIXED-ROOT]<>
2026-02-21T00:57:09.716 [COM9 <<] I (5697) mesh: [FAIL][19]root:0, fail:19, normal:0
2026-02-21T00:57:09.716 [COM9 <<] 
2026-02-21T00:57:09.949 [COM9 <<] I (6002) mesh: [SCAN][ch:1]AP:1, other(ID:0, RD:0), MAP:1, idle:1, candidate:0, root:0, topMAP:0[c:0,i:0][00:00:00:00:00:00][FIXED-ROOT]<>
2026-02-21T00:57:09.949 [COM9 <<] I (6004) mesh: [FAIL][20]root:0, fail:20, normal:0
2026-02-21T00:57:09.949 [COM9 <<] 
2026-02-21T00:57:10.269 [COM9 <<] I (6309) mesh: [SCAN][ch:1]AP:1, other(ID:0, RD:0), MAP:1, idle:1, candidate:0, root:0, topMAP:0[c:0,i:0][00:00:00:00:00:00][FIXED-ROOT]<>
2026-02-21T00:57:10.269 [COM9 <<] I (6310) mesh: [FAIL][21]root:0, fail:21, normal:0
2026-02-21T00:57:10.269 [COM9 <<] 
2026-02-21T00:57:10.386 [COM9 <<] I (6436) mesh: [SCAN][ch:1]AP:1, other(ID:0, RD:0), MAP:1, idle:1, candidate:0, root:0, topMAP:0[c:0,i:0][00:00:00:00:00:00][FIXED-ROOT]<>
2026-02-21T00:57:10.386 [COM9 <<] I (6438) mesh: [FAIL][22]root:0, fail:22, normal:0
2026-02-21T00:57:10.386 [COM9 <<] 
2026-02-21T00:57:10.719 [COM9 <<] I (6743) mesh: [SCAN][ch:1]AP:1, other(ID:0, RD:0), MAP:1, idle:1, candidate:0, root:0, topMAP:0[c:0,i:0][00:00:00:00:00:00][FIXED-ROOT]<>
2026-02-21T00:57:10.719 [COM9 <<] I (6745) mesh: [FAIL][23]root:0, fail:23, normal:0
2026-02-21T00:57:10.720 [COM9 <<] 
2026-02-21T00:57:11.052 [COM9 <<] I (7050) mesh: [SCAN][ch:1]AP:1, other(ID:0, RD:0), MAP:1, idle:1, candidate:0, root:0, topMAP:0[c:0,i:0][00:00:00:00:00:00][FIXED-ROOT]<>
2026-02-21T00:57:11.052 [COM9 <<] I (7052) mesh: [FAIL][24]root:0, fail:24, normal:0
2026-02-21T00:57:11.052 [COM9 <<] 
2026-02-21T00:57:11.157 [COM9 <<] I (7177) mesh: [SCAN][ch:1]AP:1, other(ID:0, RD:0), MAP:1, idle:1, candidate:0, root:0, topMAP:0[c:0,i:0][00:00:00:00:00:00][FIXED-ROOT]<>
2026-02-21T00:57:11.157 [COM9 <<] I (7179) mesh: [FAIL][25]root:0, fail:25, normal:0
2026-02-21T00:57:11.157 [COM9 <<] 
2026-02-21T00:57:11.495 [COM9 <<] I (7484) mesh: [SCAN][ch:1]AP:1, other(ID:0, RD:0), MAP:1, idle:1, candidate:0, root:0, topMAP:0[c:0,i:0][00:00:00:00:00:00][FIXED-ROOT]<>
2026-02-21T00:57:11.495 [COM9 <<] I (7486) mesh: [FAIL][26]root:0, fail:26, normal:0
2026-02-21T00:57:11.496 [COM9 <<] 
2026-02-21T00:57:11.839 [COM9 <<] I (7791) mesh: [SCAN][ch:1]AP:1, other(ID:0, RD:0), MAP:1, idle:1, candidate:0, root:0, topMAP:0[c:0,i:0][00:00:00:00:00:00][FIXED-ROOT]<>
2026-02-21T00:57:11.839 [COM9 <<] I (7793) mesh: [FAIL][27]root:0, fail:27, normal:0
2026-02-21T00:57:11.839 [COM9 <<] 
2026-02-21T00:57:11.949 [COM9 <<] I (7919) mesh: [SCAN][ch:1]AP:1, other(ID:0, RD:0), MAP:1, idle:1, candidate:0, root:0, topMAP:0[c:0,i:0][00:00:00:00:00:00][FIXED-ROOT]<>
2026-02-21T00:57:11.949 [COM9 <<] I (7920) mesh: [FAIL][28]root:0, fail:28, normal:0
2026-02-21T00:57:11.949 [COM9 <<] 
2026-02-21T00:57:12.175 [COM9 <<] I (8226) mesh: [SCAN][ch:1]AP:1, other(ID:0, RD:0), MAP:1, idle:1, candidate:0, root:0, topMAP:0[c:0,i:0][00:00:00:00:00:00][FIXED-ROOT]<>
2026-02-21T00:57:12.175 [COM9 <<] I (8227) mesh: [FAIL][29]root:0, fail:29, normal:0
2026-02-21T00:57:12.175 [COM9 <<] 
2026-02-21T00:57:12.499 [COM9 <<] I (8532) mesh: [SCAN][ch:1]AP:1, other(ID:0, RD:0), MAP:1, idle:1, candidate:0, root:0, topMAP:0[c:0,i:0][00:00:00:00:00:00][FIXED-ROOT]<>
2026-02-21T00:57:12.499 [COM9 <<] I (8534) mesh: [FAIL][30]root:0, fail:30, normal:0
2026-02-21T00:57:12.499 [COM9 <<] 
2026-02-21T00:57:12.619 [COM9 <<] I (8660) mesh: [SCAN][ch:1]AP:1, other(ID:0, RD:0), MAP:1, idle:1, candidate:0, root:0, topMAP:0[c:0,i:0][00:00:00:00:00:00][FIXED-ROOT]<>
2026-02-21T00:57:12.619 [COM9 <<] I (8661) mesh: [FAIL][31]root:0, fail:31, normal:0
2026-02-21T00:57:12.619 [COM9 <<] 
2026-02-21T00:57:12.970 [COM9 <<] I (8967) mesh: [SCAN][ch:1]AP:1, other(ID:0, RD:0), MAP:1, idle:1, candidate:0, root:0, topMAP:0[c:0,i:0][00:00:00:00:00:00][FIXED-ROOT]<>
2026-02-21T00:57:12.971 [COM9 <<] I (8968) mesh: [FAIL][32]root:0, fail:32, normal:0
2026-02-21T00:57:12.971 [COM9 <<] 
2026-02-21T00:57:13.299 [COM9 <<] I (9274) mesh: [SCAN][ch:1]AP:1, other(ID:0, RD:0), MAP:1, idle:1, candidate:0, root:0, topMAP:0[c:0,i:0][00:00:00:00:00:00][FIXED-ROOT]<>
2026-02-21T00:57:13.299 [COM9 <<] I (9275) mesh: [FAIL][33]root:0, fail:33, normal:0
2026-02-21T00:57:13.299 [COM9 <<] 
2026-02-21T00:57:13.417 [COM9 <<] I (9401) mesh: [SCAN][ch:1]AP:1, other(ID:0, RD:0), MAP:1, idle:1, candidate:0, root:0, topMAP:0[c:0,i:0][00:00:00:00:00:00][FIXED-ROOT]<>
2026-02-21T00:57:13.417 [COM9 <<] I (9402) mesh: [FAIL][34]root:0, fail:34, normal:0
2026-02-21T00:57:13.417 [COM9 <<] 
2026-02-21T00:57:13.749 [COM9 <<] I (9708) mesh: [SCAN][ch:1]AP:1, other(ID:0, RD:0), MAP:1, idle:1, candidate:0, root:0, topMAP:0[c:0,i:0][00:00:00:00:00:00][FIXED-ROOT]<>
2026-02-21T00:57:13.749 [COM9 <<] I (9709) mesh: [FAIL][35]root:0, fail:35, normal:0
2026-02-21T00:57:13.750 [COM9 <<] 
2026-02-21T00:57:13.959 [COM9 <<] I (10015) mesh: [SCAN][ch:1]AP:1, other(ID:0, RD:0), MAP:1, idle:1, candidate:0, root:0, topMAP:0[c:0,i:0][00:00:00:00:00:00][FIXED-ROOT]<>
2026-02-21T00:57:13.959 [COM9 <<] I (10016) mesh: [FAIL][36]root:0, fail:36, normal:0
2026-02-21T00:57:13.959 [COM9 <<] 
2026-02-21T00:57:14.193 [COM9 <<] I (10142) mesh: [SCAN][ch:1]AP:1, other(ID:0, RD:0), MAP:1, idle:1, candidate:0, root:0, topMAP:0[c:0,i:0][00:00:00:00:00:00][FIXED-ROOT]<>
2026-02-21T00:57:14.193 [COM9 <<] I (10143) mesh: [FAIL][37]root:0, fail:37, normal:0
2026-02-21T00:57:14.193 [COM9 <<] 
2026-02-21T00:57:14.416 [COM9 <<] I (10449) mesh: [SCAN][ch:1]AP:1, other(ID:0, RD:0), MAP:1, idle:1, candidate:0, root:0, topMAP:0[c:0,i:0][00:00:00:00:00:00][FIXED-ROOT]<>
2026-02-21T00:57:14.417 [COM9 <<] I (10451) mesh: [FAIL][38]root:0, fail:38, normal:0
2026-02-21T00:57:14.417 [COM9 <<] 
2026-02-21T00:57:14.765 [COM9 <<] I (10757) mesh: [SCAN][ch:1]AP:1, other(ID:0, RD:0), MAP:1, idle:1, candidate:0, root:0, topMAP:0[c:0,i:0][00:00:00:00:00:00][FIXED-ROOT]<>
2026-02-21T00:57:14.766 [COM9 <<] I (10758) mesh: [FAIL][39]root:0, fail:39, normal:0
2026-02-21T00:57:14.766 [COM9 <<] 
2026-02-21T00:57:14.889 [COM9 <<] I (10884) mesh: [SCAN][ch:1]AP:1, other(ID:0, RD:0), MAP:1, idle:1, candidate:0, root:0, topMAP:0[c:0,i:0][00:00:00:00:00:00][FIXED-ROOT]<>
2026-02-21T00:57:14.889 [COM9 <<] I (10885) mesh: [FAIL][40]root:0, fail:40, normal:0
2026-02-21T00:57:14.889 [COM9 <<] 
2026-02-21T00:57:15.219 [COM9 <<] I (11191) mesh: [SCAN][ch:1]AP:1, other(ID:0, RD:0), MAP:1, idle:1, candidate:0, root:0, topMAP:0[c:0,i:0][00:00:00:00:00:00][FIXED-ROOT]<>
2026-02-21T00:57:15.219 [COM9 <<] I (11193) mesh: [FAIL][41]root:0, fail:41, normal:0
2026-02-21T00:57:15.219 [COM9 <<] 
2026-02-21T00:57:15.439 [COM9 <<] I (11498) mesh: [SCAN][ch:1]AP:1, other(ID:0, RD:0), MAP:1, idle:1, candidate:0, root:0, topMAP:0[c:0,i:0][00:00:00:00:00:00][FIXED-ROOT]<>
2026-02-21T00:57:15.546 [COM9 <<] I (11500) mesh: [FAIL][42]root:0, fail:42, normal:0
2026-02-21T00:57:15.547 [COM9 <<] 
2026-02-21T00:57:15.659 [COM9 <<] I (11626) mesh: [SCAN][ch:1]AP:1, other(ID:0, RD:0), MAP:1, idle:1, candidate:0, root:0, topMAP:0[c:0,i:0][00:00:00:00:00:00][FIXED-ROOT]<>
2026-02-21T00:57:15.659 [COM9 <<] I (11627) mesh: [FAIL][43]root:0, fail:43, normal:0
2026-02-21T00:57:15.659 [COM9 <<] 
2026-02-21T00:57:15.879 [COM9 <<] I (11933) mesh: [SCAN][ch:1]AP:1, other(ID:0, RD:0), MAP:1, idle:1, candidate:0, root:0, topMAP:0[c:0,i:0][00:00:00:00:00:00][FIXED-ROOT]<>
2026-02-21T00:57:15.879 [COM9 <<] I (11934) mesh: [FAIL][44]root:0, fail:44, normal:0
2026-02-21T00:57:15.879 [COM9 <<] 
2026-02-21T00:57:16.217 [COM9 <<] I (12240) mesh: [SCAN][ch:1]AP:1, other(ID:0, RD:0), MAP:1, idle:1, candidate:0, root:0, topMAP:0[c:0,i:0][00:00:00:00:00:00][FIXED-ROOT]<>
2026-02-21T00:57:16.217 [COM9 <<] I (12241) mesh: [FAIL][45]root:0, fail:45, normal:0
2026-02-21T00:57:16.217 [COM9 <<] 
2026-02-21T00:57:16.321 [COM9 <<] I (12367) mesh: [SCAN][ch:1]AP:1, other(ID:0, RD:0), MAP:1, idle:1, candidate:0, root:0, topMAP:0[c:0,i:0][00:00:00:00:00:00][FIXED-ROOT]<>
2026-02-21T00:57:16.321 [COM9 <<] I (12369) mesh: [FAIL][46]root:0, fail:46, normal:0
2026-02-21T00:57:16.322 [COM9 <<] 
2026-02-21T00:57:16.656 [COM9 <<] I (12675) mesh: [SCAN][ch:1]AP:1, other(ID:0, RD:0), MAP:1, idle:1, candidate:0, root:0, topMAP:0[c:0,i:0][00:00:00:00:00:00][FIXED-ROOT]<>
2026-02-21T00:57:16.656 [COM9 <<] I (12676) mesh: [FAIL][47]root:0, fail:47, normal:0
2026-02-21T00:57:16.657 [COM9 <<] 
2026-02-21T00:57:16.971 [COM9 <<] I (12982) mesh: [SCAN][ch:1]AP:1, other(ID:0, RD:0), MAP:1, idle:1, candidate:0, root:0, topMAP:0[c:0,i:0][00:00:00:00:00:00][FIXED-ROOT]<>
2026-02-21T00:57:16.971 [COM9 <<] I (12983) mesh: [FAIL][48]root:0, fail:48, normal:0
2026-02-21T00:57:16.971 [COM9 <<] 
2026-02-21T00:57:17.086 [COM9 <<] I (13109) mesh: [SCAN][ch:1]AP:1, other(ID:0, RD:0), MAP:1, idle:1, candidate:0, root:0, topMAP:0[c:0,i:0][00:00:00:00:00:00][FIXED-ROOT]<>
2026-02-21T00:57:17.086 [COM9 <<] I (13110) mesh: [FAIL][49]root:0, fail:49, normal:0
2026-02-21T00:57:17.086 [COM9 <<] 
2026-02-21T00:57:17.429 [COM9 <<] I (13416) mesh: [SCAN][ch:1]AP:1, other(ID:0, RD:0), MAP:1, idle:1, candidate:0, root:0, topMAP:0[c:0,i:0][00:00:00:00:00:00][FIXED-ROOT]<>
2026-02-21T00:57:17.429 [COM9 <<] I (13418) mesh: [FAIL][50]root:0, fail:50, normal:0
2026-02-21T00:57:17.429 [COM9 <<] 
2026-02-21T00:57:17.749 [COM9 <<] I (13723) mesh: [SCAN][ch:1]AP:1, other(ID:0, RD:0), MAP:1, idle:1, candidate:0, root:0, topMAP:0[c:0,i:0][00:00:00:00:00:00][FIXED-ROOT]<>
2026-02-21T00:57:17.749 [COM9 <<] I (13725) mesh: [FAIL][51]root:0, fail:51, normal:0
2026-02-21T00:57:17.750 [COM9 <<] 
2026-02-21T00:57:17.855 [COM9 <<] I (13851) mesh: [SCAN][ch:1]AP:1, other(ID:0, RD:0), MAP:1, idle:1, candidate:0, root:0, topMAP:0[c:0,i:0][00:00:00:00:00:00][FIXED-ROOT]<>
2026-02-21T00:57:17.855 [COM9 <<] I (13852) mesh: [FAIL][52]root:0, fail:52, normal:0
2026-02-21T00:57:17.856 [COM9 <<] 
2026-02-21T00:57:18.189 [COM9 <<] I (14158) mesh: [SCAN][ch:1]AP:1, other(ID:0, RD:0), MAP:1, idle:1, candidate:0, root:0, topMAP:0[c:0,i:0][00:00:00:00:00:00][FIXED-ROOT]<>
2026-02-21T00:57:18.189 [COM9 <<] I (14159) mesh: [FAIL][53]root:0, fail:53, normal:0
2026-02-21T00:57:18.190 [COM9 <<] 
2026-02-21T00:57:18.415 [COM9 <<] I (14465) mesh: [SCAN][ch:1]AP:1, other(ID:0, RD:0), MAP:1, idle:1, candidate:0, root:0, topMAP:0[c:0,i:0][00:00:00:00:00:00][FIXED-ROOT]<>
2026-02-21T00:57:18.416 [COM9 <<] I (14466) mesh: [FAIL][54]root:0, fail:54, normal:0
2026-02-21T00:57:18.416 [COM9 <<] 
2026-02-21T00:57:18.621 [COM9 <<] I (14592) mesh: [SCAN][ch:1]AP:1, other(ID:0, RD:0), MAP:1, idle:1, candidate:0, root:0, topMAP:0[c:0,i:0][00:00:00:00:00:00][FIXED-ROOT]<>
2026-02-21T00:57:18.622 [COM9 <<] I (14594) mesh: [FAIL][55]root:0, fail:55, normal:0
2026-02-21T00:57:18.622 [COM9 <<] 
2026-02-21T00:57:18.844 [COM9 <<] I (14899) mesh: [SCAN][ch:1]AP:1, other(ID:0, RD:0), MAP:1, idle:1, candidate:0, root:0, topMAP:0[c:0,i:0][00:00:00:00:00:00][FIXED-ROOT]<>
2026-02-21T00:57:18.844 [COM9 <<] I (14901) mesh: [FAIL][56]root:0, fail:56, normal:0
2026-02-21T00:57:18.844 [COM9 <<] 
2026-02-21T00:57:19.154 [COM9 <<] I (15207) mesh: [SCAN][ch:1]AP:1, other(ID:0, RD:0), MAP:1, idle:1, candidate:0, root:0, topMAP:0[c:0,i:0][00:00:00:00:00:00][FIXED-ROOT]<>
2026-02-21T00:57:19.154 [COM9 <<] I (15208) mesh: [FAIL][57]root:0, fail:57, normal:0
2026-02-21T00:57:19.155 [COM9 <<] 
2026-02-21T00:57:19.276 [COM9 <<] I (15334) mesh: [SCAN][ch:1]AP:1, other(ID:0, RD:0), MAP:1, idle:1, candidate:0, root:0, topMAP:0[c:0,i:0][00:00:00:00:00:00][FIXED-ROOT]<>
2026-02-21T00:57:19.379 [COM9 <<] I (15335) mesh: [FAIL][58]root:0, fail:58, normal:0
2026-02-21T00:57:19.379 [COM9 <<] 
2026-02-21T00:57:19.585 [COM9 <<] I (15641) mesh: [SCAN][ch:1]AP:1, other(ID:0, RD:0), MAP:1, idle:1, candidate:0, root:0, topMAP:0[c:0,i:0][00:00:00:00:00:00][FIXED-ROOT]<>
2026-02-21T00:57:19.585 [COM9 <<] I (15642) mesh: [FAIL][59]root:0, fail:59, normal:0
2026-02-21T00:57:19.585 [COM9 <<] 
2026-02-21T00:57:19.898 [COM9 <<] I (15948) mesh: [SCAN][ch:1]AP:1, other(ID:0, RD:0), MAP:1, idle:1, candidate:0, root:0, topMAP:0[c:0,i:0][00:00:00:00:00:00][FIXED-ROOT]<>
2026-02-21T00:57:19.899 [COM9 <<] I (15949) mesh: [FAIL][60]root:0, fail:60, normal:0
2026-02-21T00:57:19.899 [COM9 <<] 
2026-02-21T00:57:20.019 [COM9 <<] I (15954) mesh: <MESH_NWK_PARENT_SELECTION>no parent found, set ROOTLESS, scan times:60, heap:190292
2026-02-21T00:57:20.019 [COM9 <<] [mesh] No parent found (attempt 1)
2026-02-21T00:57:20.019 [COM9 <<] [mesh] Scheduling root promotion in 580 ms
2026-02-21T00:57:20.019 [COM9 <<] [mesh] Event 20
2026-02-21T00:57:20.241 [COM9 <<] I (16265) mesh: [SCAN][ch:1]AP:1, other(ID:0, RD:0), MAP:1, idle:1, candidate:0, root:0, topMAP:0[c:0,i:0][00:00:00:00:00:00][FIXED-ROOT]<>
2026-02-21T00:57:20.241 [COM9 <<] I (16266) mesh: [FAIL][61]root:0, fail:61, normal:0
2026-02-21T00:57:20.241 [COM9 <<] 
2026-02-21T00:57:20.571 [COM9 <<] [mesh] Self-promoting to root (no existing mesh)
2026-02-21T00:57:20.571 [COM9 <<] I (16543) mesh: [IO]disable self-organizing<reconnect>
2026-02-21T00:57:20.571 [COM9 <<] I (16543) mesh: [MANUAL]designated as root and router is not set
2026-02-21T00:57:20.571 [COM9 <<] I (16544) mesh: [IO]enable self-organizing<adaptive>
2026-02-21T00:57:20.571 [COM9 <<] I (16572) mesh: 4084<MESH_NWK_SCAN_DONE>root wtf, flush scan results
2026-02-21T00:57:20.997 [COM9 <<] I (17057) wifi:new:<1,0>, old:<1,1>, ap:<1,1>, sta:<0,0>, prof:1, snd_ch_cfg:0x0
2026-02-21T00:57:20.998 [COM9 <<] I (17058) wifi:(trc)phytype:CBW20-SGI, snr:64, maxRate:0, highestRateIdx:0
2026-02-21T00:57:21.109 [COM9 <<] W (17060) wifi:(trc)band:2G, phymode:3, highestRateIdx:0, lowestRateIdx:11, dataSchedTableSize:14
2026-02-21T00:57:21.109 [COM9 <<] I (17069) wifi:(trc)band:2G, rate(S-MCS7, rateIdx:0), ampdu(rate:S-MCS7, schedIdx(0, stop:8)), snr:64, ampduState:wait operational
2026-02-21T00:57:21.109 [COM9 <<] I (17080) wifi:ifidx:1, rssi:-35, nf:-99, phytype(0x3, CBW20-SGI), phymode(0x3, 11bgn), max_rate:0, he:0, vht:0, ht:1
2026-02-21T00:57:21.109 [COM9 <<] I (17090) wifi:(ht)max.RxAMPDULenExponent:0(8191 bytes), MMSS:0(no restriction)
2026-02-21T00:57:21.110 [COM9 <<] I (17097) wifi:station: 58:e6:c5:19:06:30 join, AID=1, bgn, 20
2026-02-21T00:57:21.110 [COM9 <<] [mesh] Event 25
2026-02-21T00:57:21.110 [COM9 <<] [mesh] Child connected: 58:E6:C5:19:06:30
2026-02-21T00:57:21.239 [COM9 <<] I (17243) wifi:[ADDBA]TX addba request, tid:5, dialogtoken:1, bufsize:64, A-MSDU:0(not supported), policy:1(IMR), ssn:0(0x0)
2026-02-21T00:57:21.239 [COM9 <<] I (17252) wifi:[ADDBA]RX addba response, status:0, tid:5/tb:1(0xa1), bufsize:6, batimeout:0, txa_wnd:6
2026-02-21T00:57:24.199 [COM9 <<] [mesh] Received election score from 58:E6:C5:19:06:30 score=105.8
2026-02-21T00:57:24.199 [COM9 <<] [mesh] Election: 2 candidates
2026-02-21T00:57:24.200 [COM9 <<] [mesh]   58:E6:C5:18:C5:94  bat=2024mV peers=1 tenure=55 score=130.2
2026-02-21T00:57:24.200 [COM9 <<] [mesh]   58:E6:C5:19:06:30  bat=1580mV peers=0 tenure=32 score=105.8
2026-02-21T00:57:24.200 [COM9 <<] [mesh] Election winner: 58:E6:C5:18:C5:94
2026-02-21T00:57:24.200 [COM9 <<] [mesh] Role assigned: GATEWAY
2026-02-21T00:57:24.200 [COM9 <<] [gateway] Gateway role active
2026-02-21T00:57:24.200 [COM9 <<] [ptable] Initialized, self = slot 0
2026-02-21T00:57:24.201 [COM9 <<] [ftm] Initialized, responder offset=0 cm
2026-02-21T00:57:24.201 [COM9 <<] [solver] Initialized
2026-02-21T00:57:24.201 [COM9 <<] [ftmsched] Initialized
2026-02-21T00:57:24.201 [COM9 <<] [ptable] New peer at slot 1: 58:E6:C5:19:06:30
2026-02-21T00:57:24.317 [COM9 <<] [ptable] Broadcast peer sync (2 entries)
2026-02-21T00:57:38.569 [COM9 >>] peers
2026-02-21T00:57:38.659 [COM9 <<] peers
2026-02-21T00:57:38.659 [COM9 <<] === Peer Table ===
2026-02-21T00:57:38.659 [COM9 <<] Entries: 2, Alive: 2, Dimension: 1D
2026-02-21T00:57:38.659 [COM9 <<]   [0] 58:E6:C5:18:C5:94  bat=1190mV  ALIVE  pos=(     0,     0,     0) conf=0.00 <-- Gateway, this
2026-02-21T00:57:38.659 [COM9 <<]   [1] 58:E6:C5:19:06:30  bat=1444mV  ALIVE  pos=(     0,     0,     0) conf=0.00
2026-02-21T00:57:38.660 [COM9 <<] > 
2026-02-21T00:57:44.709 [COM9 >>] config
2026-02-21T00:57:44.783 [COM9 <<] config
2026-02-21T00:57:44.784 [COM9 <<] {
2026-02-21T00:57:44.784 [COM9 <<]   "mac": "58:E6:C5:18:C5:94",
2026-02-21T00:57:44.784 [COM9 <<]   "ledsEn": true,
2026-02-21T00:57:44.784 [COM9 <<]   "ewBat": 1,
2026-02-21T00:57:44.784 [COM9 <<]   "ewAdj": 5,
2026-02-21T00:57:44.784 [COM9 <<]   "ewTen": 8,
2026-02-21T00:57:44.784 [COM9 <<]   "ewLbp": 0.1,
2026-02-21T00:57:44.784 [COM9 <<]   "clrInit": 1312256,
2026-02-21T00:57:44.784 [COM9 <<]   "clrRdy": 1314560,
2026-02-21T00:57:44.784 [COM9 <<]   "clrGw": 8,
2026-02-21T00:57:44.784 [COM9 <<]   "clrPeer": 2048,
2026-02-21T00:57:44.784 [COM9 <<]   "clrDisc": 2097152,
2026-02-21T00:57:44.784 [COM9 <<]   "hbInt": 30,
2026-02-21T00:57:44.784 [COM9 <<]   "hbStale": 3,
2026-02-21T00:57:44.784 [COM9 <<]   "reelDmv": 200,
2026-02-21T00:57:44.785 [COM9 <<]   "ftmStale": 300,
2026-02-21T00:57:44.785 [COM9 <<]   "ftmAnch": 5,
2026-02-21T00:57:44.785 [COM9 <<]   "ftmSamp": 32,
2026-02-21T00:57:44.785 [COM9 <<]   "ftmTmo": 3000,
2026-02-21T00:57:44.785 [COM9 <<]   "ftmSwp": 600,
2026-02-21T00:57:44.785 [COM9 <<]   "ftmKpn": 0.01,
2026-02-21T00:57:44.785 [COM9 <<]   "ftmOfs": 0
2026-02-21T00:57:44.785 [COM9 <<] }
2026-02-21T00:57:44.785 [COM9 <<] > 
2026-02-21T00:57:59.080 [COM9 >>] config get *
2026-02-21T00:57:59.197 [COM9 <<] config get *
2026-02-21T00:57:59.197 [COM9 <<] [local] {"mac":"58:E6:C5:18:C5:94","ledsEn":true,"ewBat":1,"ewAdj":5,"ewTen":8,"ewLbp":0.1,"clrInit":1312256,"clrRdy":1314560,"clrGw":8,"clrPeer":2048,"clrDisc":2097152,"hbInt":30,"hbStale":3,"reelDmv":200,"ftmStale":300,"ftmAnch":5,"ftmSamp":32,"ftmTmo":3000,"ftmSwp":600,"ftmKpn":0.01,"ftmOfs":0}
2026-02-21T00:57:59.197 [COM9 <<] [1] Requesting 06:30... {"mac":"58:E6:C5:19:06:30","ledsEn":true,"ewBat":1,"ewAdj":5,"ewTen":8,"ewLbp":0.1,"clrInit":1312256,"clrRdy":1314560,"clrGw":8,"clrPeer":2048,"clrDisc":2097152,"hbInt":30,"hbStale":3,"reelDmv":200,"ftmStale":300,"ftmAnch":5,"ftmSamp":16,"ftmTmo":3000,"ftmSwp":600,"ftmKpn":0.01,"ftmOfs":0}
2026-02-21T00:57:59.197 [COM9 <<] > 
2026-02-21T00:58:23.422 [COM9 >>] config set 1 ftmSamp=32
2026-02-21T00:58:23.487 [COM9 <<] config set 1 ftmSamp=32
2026-02-21T00:58:23.487 [COM9 <<] Requesting slot 1 (58:E6:C5:19:06:30)...
2026-02-21T00:58:23.487 [COM9 <<] {"mac":"58:E6:C5:19:06:30","ftmSamp":32}
2026-02-21T00:58:23.487 [COM9 <<] > 
2026-02-21T00:58:28.589 [COM9 >>] config get 1
2026-02-21T00:58:28.647 [COM9 <<] config get 1
2026-02-21T00:58:28.647 [COM9 <<] Requesting slot 1 (58:E6:C5:19:06:30)...
2026-02-21T00:58:28.647 [COM9 <<] {"mac":"58:E6:C5:19:06:30","ledsEn":true,"ewBat":1,"ewAdj":5,"ewTen":8,"ewLbp":0.1,"clrInit":1312256,"clrRdy":1314560,"clrGw":8,"clrPeer":2048,"clrDisc":2097152,"hbInt":30,"hbStale":3,"reelDmv":200,"ftmStale":300,"ftmAnch":5,"ftmSamp":32,"ftmTmo":3000,"ftmSwp":600,"ftmKpn":0.01,"ftmOfs":0}
2026-02-21T00:58:28.647 [COM9 <<] > 
2026-02-21T00:58:32.892 [COM9 >>] ftm
2026-02-21T00:58:32.935 [COM9 <<] ftm
2026-02-21T00:58:32.935 [COM9 <<] FTM single-shot test
2026-02-21T00:58:32.935 [COM9 <<] Ranging to peer slot 1: 58:E6:C5:19:06:30 (SoftAP: 58:E6:C5:19:06:31)
2026-02-21T00:58:32.935 [COM9 <<] [ftm] Initiating to 58:E6:C5:19:06:31 ch=1 frames=32
2026-02-21T00:58:32.935 [COM9 <<] W (88984) wifi:Starting FTM session with 58:e6:c5:19:06:31 in 149 mSec
2026-02-21T00:58:32.935 [COM9 <<] W (88984) wifi:Mode: non-ASAP, Bursts: 8, FTM's per burst: 4, Burst Period: 200mSec, Burst Duration: 32000uSec
2026-02-21T00:58:34.551 [COM9 <<] W (90560) wifi:FTM session ends with 30 valid readings out of 30 readings received, Avg raw RTT: 11.562 nSec, Avg RSSI: -34
2026-02-21T00:58:34.552 [COM9 <<] [ftm] RTT avg=11719 ps (kept 28/30), dist=175.8 cm
2026-02-21T00:58:34.552 [COM9 <<] SUCCESS: distance = 175.8 cm (1.76 m)
2026-02-21T00:58:34.552 [COM9 <<] > 
2026-02-21T00:58:56.689 [COM9 >>] config set * ftmSamp=64
2026-02-21T00:58:56.753 [COM9 <<] config set * ftmSamp=64
2026-02-21T00:58:56.753 [COM9 <<] [local] {"mac":"58:E6:C5:18:C5:94","ledsEn":true,"ewBat":1,"ewAdj":5,"ewTen":8,"ewLbp":0.1,"clrInit":1312256,"clrRdy":1314560,"clrGw":8,"clrPeer":2048,"clrDisc":2097152,"hbInt":30,"hbStale":3,"reelDmv":200,"ftmStale":300,"ftmAnch":5,"ftmSamp":64,"ftmTmo":3000,"ftmSwp":600,"ftmKpn":0.01,"ftmOfs":0}
2026-02-21T00:58:56.753 [COM9 <<] [1] Requesting 06:30... {"mac":"58:E6:C5:19:06:30","ftmSamp":64}
2026-02-21T00:58:56.753 [COM9 <<] > 
2026-02-21T00:58:59.478 [COM9 >>] ftm
2026-02-21T00:58:59.609 [COM9 <<] ftm
2026-02-21T00:58:59.609 [COM9 <<] FTM single-shot test
2026-02-21T00:58:59.609 [COM9 <<] Ranging to peer slot 1: 58:E6:C5:19:06:30 (SoftAP: 58:E6:C5:19:06:31)
2026-02-21T00:58:59.609 [COM9 <<] [ftm] Initiating to 58:E6:C5:19:06:31 ch=1 frames=64
2026-02-21T00:58:59.609 [COM9 <<] W (115576) wifi:Starting FTM session with 58:e6:c5:19:06:31 in 283 mSec
2026-02-21T00:58:59.609 [COM9 <<] W (115576) wifi:Mode: non-ASAP, Bursts: 8, FTM's per burst: 8, Burst Period: 200mSec, Burst Duration: 32000uSec
2026-02-21T00:59:01.144 [COM9 <<] I (117105) mesh: [scan]new scanning time:1500ms, beacon interval:1000ms
2026-02-21T00:59:01.245 [COM9 <<] W (117285) wifi:FTM session ends with 62 valid readings out of 62 readings received, Avg raw RTT: 11.441 nSec, Avg RSSI: -34
2026-02-21T00:59:01.245 [COM9 <<] [ftm] RTT avg=11579 ps (kept 56/62), dist=173.7 cm
2026-02-21T00:59:01.245 [COM9 <<] SUCCESS: distance = 173.7 cm (1.74 m)
2026-02-21T00:59:01.246 [COM9 <<] > 
2026-02-21T00:59:37.084 [COM9 >>] config set * ftmSamp=8
2026-02-21T00:59:37.146 [COM9 <<] config set * ftmSamp=8
2026-02-21T00:59:37.146 [COM9 <<] [local] {"mac":"58:E6:C5:18:C5:94","ledsEn":true,"ewBat":1,"ewAdj":5,"ewTen":8,"ewLbp":0.1,"clrInit":1312256,"clrRdy":1314560,"clrGw":8,"clrPeer":2048,"clrDisc":2097152,"hbInt":30,"hbStale":3,"reelDmv":200,"ftmStale":300,"ftmAnch":5,"ftmSamp":8,"ftmTmo":3000,"ftmSwp":600,"ftmKpn":0.01,"ftmOfs":0}
2026-02-21T00:59:37.146 [COM9 <<] [1] Requesting 06:30... {"mac":"58:E6:C5:19:06:30","ftmSamp":8}
2026-02-21T00:59:37.146 [COM9 <<] > 
2026-02-21T00:59:54.000 [COM9 >>] config get 1
2026-02-21T00:59:54.047 [COM9 <<] config get 1
2026-02-21T00:59:54.047 [COM9 <<] Requesting slot 1 (58:E6:C5:19:06:30)...
2026-02-21T00:59:54.162 [COM9 <<] {"mac":"58:E6:C5:19:06:30","ledsEn":true,"ewBat":1,"ewAdj":5,"ewTen":8,"ewLbp":0.1,"clrInit":1312256,"clrRdy":1314560,"clrGw":8,"clrPeer":2048,"clrDisc":2097152,"hbInt":30,"hbStale":3,"reelDmv":200,"ftmStale":300,"ftmAnch":5,"ftmSamp":8,"ftmTmo":3000,"ftmSwp":600,"ftmKpn":0.01,"ftmOfs":0}
2026-02-21T00:59:54.162 [COM9 <<] > 
2026-02-21T01:00:10.896 [COM9 >>] ftm
2026-02-21T01:00:10.905 [COM9 <<] ftm
2026-02-21T01:00:10.905 [COM9 <<] FTM single-shot test
2026-02-21T01:00:10.905 [COM9 <<] Ranging to peer slot 1: 58:E6:C5:19:06:30 (SoftAP: 58:E6:C5:19:06:31)
2026-02-21T01:00:10.905 [COM9 <<] [ftm] Initiating to 58:E6:C5:19:06:31 ch=1 frames=16
2026-02-21T01:00:10.905 [COM9 <<] W (186959) wifi:Starting FTM session with 58:e6:c5:19:06:31 in 375 mSec
2026-02-21T01:00:11.024 [COM9 <<] W (186959) wifi:Mode: non-ASAP, Bursts: 2, FTM's per burst: 8, Burst Period: 200mSec, Burst Duration: 32000uSec
2026-02-21T01:00:11.580 [COM9 <<] W (187553) wifi:FTM session ends with 14 valid readings out of 14 readings received, Avg raw RTT: 11.49 nSec, Avg RSSI: -34
2026-02-21T01:00:11.580 [COM9 <<] [ftm] RTT avg=10817 ps (kept 13/14), dist=162.3 cm
2026-02-21T01:00:11.580 [COM9 <<] SUCCESS: distance = 162.3 cm (1.62 m)
2026-02-21T01:00:11.580 [COM9 <<] > 
2026-02-21T01:00:20.178 [COM9 >>] config get
2026-02-21T01:00:20.236 [COM9 <<] config get
2026-02-21T01:00:20.237 [COM9 <<] Usage: config get <slot|*> [field1 field2...]
2026-02-21T01:00:20.237 [COM9 <<] > 
2026-02-21T01:00:24.892 [COM9 >>] config
2026-02-21T01:00:24.912 [COM9 <<] config
2026-02-21T01:00:24.912 [COM9 <<] {
2026-02-21T01:00:24.912 [COM9 <<]   "mac": "58:E6:C5:18:C5:94",
2026-02-21T01:00:24.912 [COM9 <<]   "ledsEn": true,
2026-02-21T01:00:24.912 [COM9 <<]   "ewBat": 1,
2026-02-21T01:00:24.912 [COM9 <<]   "ewAdj": 5,
2026-02-21T01:00:24.912 [COM9 <<]   "ewTen": 8,
2026-02-21T01:00:24.912 [COM9 <<]   "ewLbp": 0.1,
2026-02-21T01:00:24.912 [COM9 <<]   "clrInit": 1312256,
2026-02-21T01:00:24.912 [COM9 <<]   "clrRdy": 1314560,
2026-02-21T01:00:24.912 [COM9 <<]   "clrGw": 8,
2026-02-21T01:00:24.912 [COM9 <<]   "clrPeer": 2048,
2026-02-21T01:00:24.912 [COM9 <<]   "clrDisc": 2097152,
2026-02-21T01:00:24.912 [COM9 <<]   "hbInt": 30,
2026-02-21T01:00:24.912 [COM9 <<]   "hbStale": 3,
2026-02-21T01:00:24.913 [COM9 <<]   "reelDmv": 200,
2026-02-21T01:00:24.913 [COM9 <<]   "ftmStale": 300,
2026-02-21T01:00:24.913 [COM9 <<]   "ftmAnch": 5,
2026-02-21T01:00:24.913 [COM9 <<]   "ftmSamp": 8,
2026-02-21T01:00:24.913 [COM9 <<]   "ftmTmo": 3000,
2026-02-21T01:00:24.913 [COM9 <<]   "ftmSwp": 600,
2026-02-21T01:00:24.913 [COM9 <<]   "ftmKpn": 0.01,
2026-02-21T01:00:24.913 [COM9 <<]   "ftmOfs": 0
2026-02-21T01:00:24.913 [COM9 <<] }
2026-02-21T01:00:24.913 [COM9 <<] > 
