2026-02-21T00:57:04.893 [COM8 <<] W (724) wifi:(agc)0x600a7128:0xd21a09c8, min.avgNF:0xce->0xd2(dB), RCalCount:0x1a0, min.RRssi:0x9c8(-99.50)
2026-02-21T00:57:04.893 [COM8 <<] I (734) wifi:11ax coex: WDEVAX_PTI0(0x55777555), WDEVAX_PTI1(0x00003377).
2026-02-21T00:57:04.894 [COM8 <<] 
2026-02-21T00:57:04.894 [COM8 <<] I (741) wifi:mode : sta (58:e6:c5:19:06:30) + softAP (58:e6:c5:19:06:31)
2026-02-21T00:57:04.894 [COM8 <<] I (747) wifi:enable tsf
2026-02-21T00:57:04.894 [COM8 <<] W (749) wifi:11ax/11ac mode can not work under phy bw 40M, the sta 2G phymode changed to 11N
2026-02-21T00:57:04.894 [COM8 <<] I (757) wifi:Total power save buffer number: 16
2026-02-21T00:57:04.894 [COM8 <<] I (761) wifi:Init max length of beacon: 752/752
2026-02-21T00:57:04.898 [COM8 <<] I (766) wifi:Init max length of beacon: 752/752
2026-02-21T00:57:04.898 [COM8 <<] I (773) mesh: <nvs>read layer:0, err:0x1102
2026-02-21T00:57:04.898 [COM8 <<] I (774) mesh: <nvs>read assoc:0, err:0x1102
2026-02-21T00:57:04.898 [COM8 <<] I (778) mesh: [CONFIG]invalid router settings, ssid_len:0, ssid:, bssid:00:00:00:00:00:00
2026-02-21T00:57:04.898 [COM8 <<] I (790) wifi:Total power save buffer number: 16
2026-02-21T00:57:05.108 [COM8 <<] W (958) wifi:(itwt)itwt_stop_process!
2026-02-21T00:57:05.108 [COM8 <<] I (958) mesh: [IO]enable self-organizing, search parent<adaptive>
2026-02-21T00:57:05.108 [COM8 <<] W (959) wifi:(itwt)itwt_stop_process!
2026-02-21T00:57:05.108 [COM8 <<] [mesh] Mesh started
2026-02-21T00:57:05.108 [COM8 <<] W (966) wifi:<MESH AP>adjust channel:1, secondary channel offset:1(40U)
2026-02-21T00:57:05.109 [COM8 <<] I (967) wifi:Total power save buffer number: 16
2026-02-21T00:57:05.109 [COM8 <<] [mesh] FTM Responder enabled on SoftAP
2026-02-21T00:57:05.109 [COM8 <<] [mesh] Mesh starting...
2026-02-21T00:57:05.339 [COM8 <<] I (1263) mesh: [SCAN][ch:1]AP:1, other(ID:0, RD:0), MAP:1, idle:1, candidate:0, root:0, topMAP:0[c:0,i:0][00:00:00:00:00:00][FIXED-ROOT]<>
2026-02-21T00:57:05.339 [COM8 <<] I (1264) mesh: [FAIL][1]root:0, fail:1, normal:0
2026-02-21T00:57:05.340 [COM8 <<] 
2026-02-21T00:57:05.654 [COM8 <<] I (1570) mesh: [SCAN][ch:1]AP:1, other(ID:0, RD:0), MAP:1, idle:1, candidate:0, root:0, topMAP:0[c:0,i:0][00:00:00:00:00:00][FIXED-ROOT]<>
2026-02-21T00:57:05.654 [COM8 <<] I (1571) mesh: [FAIL][2]root:0, fail:2, normal:0
2026-02-21T00:57:05.654 [COM8 <<] 
2026-02-21T00:57:05.969 [COM8 <<] I (1877) mesh: [SCAN][ch:1]AP:1, other(ID:0, RD:0), MAP:1, idle:1, candidate:0, root:0, topMAP:0[c:0,i:0][00:00:00:00:00:00][FIXED-ROOT]<>
2026-02-21T00:57:05.969 [COM8 <<] I (1878) mesh: [FAIL][3]root:0, fail:3, normal:0
2026-02-21T00:57:05.969 [COM8 <<] 
2026-02-21T00:57:06.073 [COM8 <<] I (2004) mesh: [SCAN][ch:1]AP:1, other(ID:0, RD:0), MAP:1, idle:1, candidate:0, root:0, topMAP:0[c:0,i:0][00:00:00:00:00:00][FIXED-ROOT]<>
2026-02-21T00:57:06.073 [COM8 <<] I (2005) mesh: [FAIL][4]root:0, fail:4, normal:0
2026-02-21T00:57:06.073 [COM8 <<] 
2026-02-21T00:57:06.392 [COM8 <<] I (2310) mesh: [SCAN][ch:1]AP:1, other(ID:0, RD:0), MAP:1, idle:1, candidate:0, root:0, topMAP:0[c:0,i:0][00:00:00:00:00:00][FIXED-ROOT]<>
2026-02-21T00:57:06.392 [COM8 <<] I (2312) mesh: [FAIL][5]root:0, fail:5, normal:0
2026-02-21T00:57:06.392 [COM8 <<] 
2026-02-21T00:57:06.710 [COM8 <<] I (2617) mesh: [SCAN][ch:1]AP:1, other(ID:0, RD:0), MAP:1, idle:1, candidate:0, root:0, topMAP:0[c:0,i:0][00:00:00:00:00:00][FIXED-ROOT]<>
2026-02-21T00:57:06.710 [COM8 <<] I (2619) mesh: [FAIL][6]root:0, fail:6, normal:0
2026-02-21T00:57:06.711 [COM8 <<] 
2026-02-21T00:57:06.826 [COM8 <<] I (2744) mesh: [SCAN][ch:1]AP:1, other(ID:0, RD:0), MAP:1, idle:1, candidate:0, root:0, topMAP:0[c:0,i:0][00:00:00:00:00:00][FIXED-ROOT]<>
2026-02-21T00:57:06.826 [COM8 <<] I (2746) mesh: [FAIL][7]root:0, fail:7, normal:0
2026-02-21T00:57:06.827 [COM8 <<] 
2026-02-21T00:57:07.179 [COM8 <<] I (3051) mesh: [SCAN][ch:1]AP:1, other(ID:0, RD:0), MAP:1, idle:1, candidate:0, root:0, topMAP:0[c:0,i:0][00:00:00:00:00:00][FIXED-ROOT]<>
2026-02-21T00:57:07.179 [COM8 <<] I (3052) mesh: [FAIL][8]root:0, fail:8, normal:0
2026-02-21T00:57:07.179 [COM8 <<] 
2026-02-21T00:57:07.506 [COM8 <<] I (3358) mesh: [SCAN][ch:1]AP:1, other(ID:0, RD:0), MAP:1, idle:1, candidate:0, root:0, topMAP:0[c:0,i:0][00:00:00:00:00:00][FIXED-ROOT]<>
2026-02-21T00:57:07.507 [COM8 <<] I (3359) mesh: [FAIL][9]root:0, fail:9, normal:0
2026-02-21T00:57:07.507 [COM8 <<] 
2026-02-21T00:57:07.628 [COM8 <<] I (3485) mesh: [SCAN][ch:1]AP:1, other(ID:0, RD:0), MAP:1, idle:1, candidate:0, root:0, topMAP:0[c:0,i:0][00:00:00:00:00:00][FIXED-ROOT]<>
2026-02-21T00:57:07.628 [COM8 <<] I (3486) mesh: [FAIL][10]root:0, fail:10, normal:0
2026-02-21T00:57:07.628 [COM8 <<] 
2026-02-21T00:57:07.847 [COM8 <<] I (3792) mesh: [SCAN][ch:1]AP:1, other(ID:0, RD:0), MAP:1, idle:1, candidate:0, root:0, topMAP:0[c:0,i:0][00:00:00:00:00:00][FIXED-ROOT]<>
2026-02-21T00:57:07.847 [COM8 <<] I (3793) mesh: [FAIL][11]root:0, fail:11, normal:0
2026-02-21T00:57:07.848 [COM8 <<] 
2026-02-21T00:57:08.179 [COM8 <<] I (4099) mesh: [SCAN][ch:1]AP:1, other(ID:0, RD:0), MAP:1, idle:1, candidate:0, root:0, topMAP:0[c:0,i:0][00:00:00:00:00:00][FIXED-ROOT]<>
2026-02-21T00:57:08.179 [COM8 <<] I (4100) mesh: [FAIL][12]root:0, fail:12, normal:0
2026-02-21T00:57:08.179 [COM8 <<] 
2026-02-21T00:57:08.287 [COM8 <<] I (4226) mesh: [SCAN][ch:1]AP:1, other(ID:0, RD:0), MAP:1, idle:1, candidate:0, root:0, topMAP:0[c:0,i:0][00:00:00:00:00:00][FIXED-ROOT]<>
2026-02-21T00:57:08.287 [COM8 <<] I (4227) mesh: [FAIL][13]root:0, fail:13, normal:0
2026-02-21T00:57:08.287 [COM8 <<] 
2026-02-21T00:57:08.606 [COM8 <<] I (4533) mesh: [SCAN][ch:1]AP:1, other(ID:0, RD:0), MAP:1, idle:1, candidate:0, root:0, topMAP:0[c:0,i:0][00:00:00:00:00:00][FIXED-ROOT]<>
2026-02-21T00:57:08.606 [COM8 <<] I (4534) mesh: [FAIL][14]root:0, fail:14, normal:0
2026-02-21T00:57:08.606 [COM8 <<] 
2026-02-21T00:57:08.928 [COM8 <<] I (4840) mesh: [SCAN][ch:1]AP:1, other(ID:0, RD:0), MAP:1, idle:1, candidate:0, root:0, topMAP:0[c:0,i:0][00:00:00:00:00:00][FIXED-ROOT]<>
2026-02-21T00:57:08.928 [COM8 <<] I (4841) mesh: [FAIL][15]root:0, fail:15, normal:0
2026-02-21T00:57:08.928 [COM8 <<] 
2026-02-21T00:57:09.031 [COM8 <<] I (4967) mesh: [SCAN][ch:1]AP:1, other(ID:0, RD:0), MAP:1, idle:1, candidate:0, root:0, topMAP:0[c:0,i:0][00:00:00:00:00:00][FIXED-ROOT]<>
2026-02-21T00:57:09.031 [COM8 <<] I (4968) mesh: [FAIL][16]root:0, fail:16, normal:0
2026-02-21T00:57:09.031 [COM8 <<] 
2026-02-21T00:57:09.369 [COM8 <<] I (5274) mesh: [SCAN][ch:1]AP:1, other(ID:0, RD:0), MAP:1, idle:1, candidate:0, root:0, topMAP:0[c:0,i:0][00:00:00:00:00:00][FIXED-ROOT]<>
2026-02-21T00:57:09.369 [COM8 <<] I (5275) mesh: [FAIL][17]root:0, fail:17, normal:0
2026-02-21T00:57:09.369 [COM8 <<] 
2026-02-21T00:57:09.716 [COM8 <<] I (5581) mesh: [SCAN][ch:1]AP:1, other(ID:0, RD:0), MAP:1, idle:1, candidate:0, root:0, topMAP:0[c:0,i:0][00:00:00:00:00:00][FIXED-ROOT]<>
2026-02-21T00:57:09.716 [COM8 <<] I (5582) mesh: [FAIL][18]root:0, fail:18, normal:0
2026-02-21T00:57:09.716 [COM8 <<] 
2026-02-21T00:57:09.834 [COM8 <<] I (5708) mesh: [SCAN][ch:1]AP:1, other(ID:0, RD:0), MAP:1, idle:1, candidate:0, root:0, topMAP:0[c:0,i:0][00:00:00:00:00:00][FIXED-ROOT]<>
2026-02-21T00:57:09.834 [COM8 <<] I (5709) mesh: [FAIL][19]root:0, fail:19, normal:0
2026-02-21T00:57:09.834 [COM8 <<] 
2026-02-21T00:57:10.169 [COM8 <<] I (6015) mesh: [SCAN][ch:1]AP:1, other(ID:0, RD:0), MAP:1, idle:1, candidate:0, root:0, topMAP:0[c:0,i:0][00:00:00:00:00:00][FIXED-ROOT]<>
2026-02-21T00:57:10.169 [COM8 <<] I (6016) mesh: [FAIL][20]root:0, fail:20, normal:0
2026-02-21T00:57:10.169 [COM8 <<] 
2026-02-21T00:57:10.403 [COM8 <<] I (6322) mesh: [SCAN][ch:1]AP:1, other(ID:0, RD:0), MAP:1, idle:1, candidate:0, root:0, topMAP:0[c:0,i:0][00:00:00:00:00:00][FIXED-ROOT]<>
2026-02-21T00:57:10.404 [COM8 <<] I (6323) mesh: [FAIL][21]root:0, fail:21, normal:0
2026-02-21T00:57:10.404 [COM8 <<] 
2026-02-21T00:57:10.519 [COM8 <<] I (6449) mesh: [SCAN][ch:1]AP:1, other(ID:0, RD:0), MAP:1, idle:1, candidate:0, root:0, topMAP:0[c:0,i:0][00:00:00:00:00:00][FIXED-ROOT]<>
2026-02-21T00:57:10.519 [COM8 <<] I (6450) mesh: [FAIL][22]root:0, fail:22, normal:0
2026-02-21T00:57:10.519 [COM8 <<] 
2026-02-21T00:57:10.864 [COM8 <<] I (6756) mesh: [SCAN][ch:1]AP:1, other(ID:0, RD:0), MAP:1, idle:1, candidate:0, root:0, topMAP:0[c:0,i:0][00:00:00:00:00:00][FIXED-ROOT]<>
2026-02-21T00:57:10.865 [COM8 <<] I (6757) mesh: [FAIL][23]root:0, fail:23, normal:0
2026-02-21T00:57:10.865 [COM8 <<] 
2026-02-21T00:57:11.199 [COM8 <<] I (7063) mesh: [SCAN][ch:1]AP:1, other(ID:0, RD:0), MAP:1, idle:1, candidate:0, root:0, topMAP:0[c:0,i:0][00:00:00:00:00:00][FIXED-ROOT]<>
2026-02-21T00:57:11.199 [COM8 <<] I (7064) mesh: [FAIL][24]root:0, fail:24, normal:0
2026-02-21T00:57:11.199 [COM8 <<] 
2026-02-21T00:57:11.319 [COM8 <<] I (7190) mesh: [SCAN][ch:1]AP:1, other(ID:0, RD:0), MAP:1, idle:1, candidate:0, root:0, topMAP:0[c:0,i:0][00:00:00:00:00:00][FIXED-ROOT]<>
2026-02-21T00:57:11.319 [COM8 <<] I (7192) mesh: [FAIL][25]root:0, fail:25, normal:0
2026-02-21T00:57:11.319 [COM8 <<] 
2026-02-21T00:57:11.639 [COM8 <<] I (7497) mesh: [SCAN][ch:1]AP:1, other(ID:0, RD:0), MAP:1, idle:1, candidate:0, root:0, topMAP:0[c:0,i:0][00:00:00:00:00:00][FIXED-ROOT]<>
2026-02-21T00:57:11.639 [COM8 <<] I (7499) mesh: [FAIL][26]root:0, fail:26, normal:0
2026-02-21T00:57:11.639 [COM8 <<] 
2026-02-21T00:57:11.878 [COM8 <<] I (7804) mesh: [SCAN][ch:1]AP:1, other(ID:0, RD:0), MAP:1, idle:1, candidate:0, root:0, topMAP:0[c:0,i:0][00:00:00:00:00:00][FIXED-ROOT]<>
2026-02-21T00:57:11.878 [COM8 <<] I (7806) mesh: [FAIL][27]root:0, fail:27, normal:0
2026-02-21T00:57:11.878 [COM8 <<] 
2026-02-21T00:57:11.985 [COM8 <<] I (7931) mesh: [SCAN][ch:1]AP:1, other(ID:0, RD:0), MAP:1, idle:1, candidate:0, root:0, topMAP:0[c:0,i:0][00:00:00:00:00:00][FIXED-ROOT]<>
2026-02-21T00:57:12.109 [COM8 <<] I (7933) mesh: [FAIL][28]root:0, fail:28, normal:0
2026-02-21T00:57:12.109 [COM8 <<] 
2026-02-21T00:57:12.339 [COM8 <<] I (8238) mesh: [SCAN][ch:1]AP:1, other(ID:0, RD:0), MAP:1, idle:1, candidate:0, root:0, topMAP:0[c:0,i:0][00:00:00:00:00:00][FIXED-ROOT]<>
2026-02-21T00:57:12.339 [COM8 <<] I (8240) mesh: [FAIL][29]root:0, fail:29, normal:0
2026-02-21T00:57:12.339 [COM8 <<] 
2026-02-21T00:57:12.669 [COM8 <<] I (8545) mesh: [SCAN][ch:1]AP:1, other(ID:0, RD:0), MAP:1, idle:1, candidate:0, root:0, topMAP:0[c:0,i:0][00:00:00:00:00:00][FIXED-ROOT]<>
2026-02-21T00:57:12.669 [COM8 <<] I (8547) mesh: [FAIL][30]root:0, fail:30, normal:0
2026-02-21T00:57:12.670 [COM8 <<] 
2026-02-21T00:57:12.772 [COM8 <<] I (8672) mesh: [SCAN][ch:1]AP:1, other(ID:0, RD:0), MAP:1, idle:1, candidate:0, root:0, topMAP:0[c:0,i:0][00:00:00:00:00:00][FIXED-ROOT]<>
2026-02-21T00:57:12.772 [COM8 <<] I (8674) mesh: [FAIL][31]root:0, fail:31, normal:0
2026-02-21T00:57:12.772 [COM8 <<] 
2026-02-21T00:57:13.092 [COM8 <<] I (8979) mesh: [SCAN][ch:1]AP:1, other(ID:0, RD:0), MAP:1, idle:1, candidate:0, root:0, topMAP:0[c:0,i:0][00:00:00:00:00:00][FIXED-ROOT]<>
2026-02-21T00:57:13.092 [COM8 <<] I (8981) mesh: [FAIL][32]root:0, fail:32, normal:0
2026-02-21T00:57:13.092 [COM8 <<] 
2026-02-21T00:57:13.399 [COM8 <<] I (9286) mesh: [SCAN][ch:1]AP:1, other(ID:0, RD:0), MAP:1, idle:1, candidate:0, root:0, topMAP:0[c:0,i:0][00:00:00:00:00:00][FIXED-ROOT]<>
2026-02-21T00:57:13.400 [COM8 <<] I (9288) mesh: [FAIL][33]root:0, fail:33, normal:0
2026-02-21T00:57:13.400 [COM8 <<] 
2026-02-21T00:57:13.516 [COM8 <<] I (9413) mesh: [SCAN][ch:1]AP:1, other(ID:0, RD:0), MAP:1, idle:1, candidate:0, root:0, topMAP:0[c:0,i:0][00:00:00:00:00:00][FIXED-ROOT]<>
2026-02-21T00:57:13.516 [COM8 <<] I (9415) mesh: [FAIL][34]root:0, fail:34, normal:0
2026-02-21T00:57:13.517 [COM8 <<] 
2026-02-21T00:57:13.854 [COM8 <<] I (9720) mesh: [SCAN][ch:1]AP:1, other(ID:0, RD:0), MAP:1, idle:1, candidate:0, root:0, topMAP:0[c:0,i:0][00:00:00:00:00:00][FIXED-ROOT]<>
2026-02-21T00:57:13.855 [COM8 <<] I (9722) mesh: [FAIL][35]root:0, fail:35, normal:0
2026-02-21T00:57:13.855 [COM8 <<] 
2026-02-21T00:57:14.193 [COM8 <<] I (10028) mesh: [SCAN][ch:1]AP:1, other(ID:0, RD:0), MAP:1, idle:1, candidate:0, root:0, topMAP:0[c:0,i:0][00:00:00:00:00:00][FIXED-ROOT]<>
2026-02-21T00:57:14.193 [COM8 <<] I (10029) mesh: [FAIL][36]root:0, fail:36, normal:0
2026-02-21T00:57:14.193 [COM8 <<] 
2026-02-21T00:57:14.301 [COM8 <<] I (10155) mesh: [SCAN][ch:1]AP:1, other(ID:0, RD:0), MAP:1, idle:1, candidate:0, root:0, topMAP:0[c:0,i:0][00:00:00:00:00:00][FIXED-ROOT]<>
2026-02-21T00:57:14.302 [COM8 <<] I (10156) mesh: [FAIL][37]root:0, fail:37, normal:0
2026-02-21T00:57:14.302 [COM8 <<] 
2026-02-21T00:57:14.517 [COM8 <<] I (10462) mesh: [SCAN][ch:1]AP:1, other(ID:0, RD:0), MAP:1, idle:1, candidate:0, root:0, topMAP:0[c:0,i:0][00:00:00:00:00:00][FIXED-ROOT]<>
2026-02-21T00:57:14.631 [COM8 <<] I (10463) mesh: [FAIL][38]root:0, fail:38, normal:0
2026-02-21T00:57:14.632 [COM8 <<] 
2026-02-21T00:57:14.834 [COM8 <<] I (10769) mesh: [SCAN][ch:1]AP:1, other(ID:0, RD:0), MAP:1, idle:1, candidate:0, root:0, topMAP:0[c:0,i:0][00:00:00:00:00:00][FIXED-ROOT]<>
2026-02-21T00:57:14.834 [COM8 <<] I (10770) mesh: [FAIL][39]root:0, fail:39, normal:0
2026-02-21T00:57:14.834 [COM8 <<] 
2026-02-21T00:57:15.054 [COM8 <<] I (10896) mesh: [SCAN][ch:1]AP:1, other(ID:0, RD:0), MAP:1, idle:1, candidate:0, root:0, topMAP:0[c:0,i:0][00:00:00:00:00:00][FIXED-ROOT]<>
2026-02-21T00:57:15.054 [COM8 <<] I (10898) mesh: [FAIL][40]root:0, fail:40, normal:0
2026-02-21T00:57:15.054 [COM8 <<] 
2026-02-21T00:57:15.267 [COM8 <<] I (11204) mesh: [SCAN][ch:1]AP:1, other(ID:0, RD:0), MAP:1, idle:1, candidate:0, root:0, topMAP:0[c:0,i:0][00:00:00:00:00:00][FIXED-ROOT]<>
2026-02-21T00:57:15.268 [COM8 <<] I (11205) mesh: [FAIL][41]root:0, fail:41, normal:0
2026-02-21T00:57:15.268 [COM8 <<] 
2026-02-21T00:57:15.579 [COM8 <<] I (11511) mesh: [SCAN][ch:1]AP:1, other(ID:0, RD:0), MAP:1, idle:1, candidate:0, root:0, topMAP:0[c:0,i:0][00:00:00:00:00:00][FIXED-ROOT]<>
2026-02-21T00:57:15.579 [COM8 <<] I (11512) mesh: [FAIL][42]root:0, fail:42, normal:0
2026-02-21T00:57:15.579 [COM8 <<] 
2026-02-21T00:57:15.691 [COM8 <<] I (11638) mesh: [SCAN][ch:1]AP:1, other(ID:0, RD:0), MAP:1, idle:1, candidate:0, root:0, topMAP:0[c:0,i:0][00:00:00:00:00:00][FIXED-ROOT]<>
2026-02-21T00:57:15.800 [COM8 <<] I (11639) mesh: [FAIL][43]root:0, fail:43, normal:0
2026-02-21T00:57:15.800 [COM8 <<] 
2026-02-21T00:57:16.038 [COM8 <<] I (11945) mesh: [SCAN][ch:1]AP:1, other(ID:0, RD:0), MAP:1, idle:1, candidate:0, root:0, topMAP:0[c:0,i:0][00:00:00:00:00:00][FIXED-ROOT]<>
2026-02-21T00:57:16.038 [COM8 <<] I (11947) mesh: [FAIL][44]root:0, fail:44, normal:0
2026-02-21T00:57:16.038 [COM8 <<] 
2026-02-21T00:57:16.359 [COM8 <<] I (12252) mesh: [SCAN][ch:1]AP:1, other(ID:0, RD:0), MAP:1, idle:1, candidate:0, root:0, topMAP:0[c:0,i:0][00:00:00:00:00:00][FIXED-ROOT]<>
2026-02-21T00:57:16.359 [COM8 <<] I (12254) mesh: [FAIL][45]root:0, fail:45, normal:0
2026-02-21T00:57:16.359 [COM8 <<] 
2026-02-21T00:57:16.475 [COM8 <<] I (12380) mesh: [SCAN][ch:1]AP:1, other(ID:0, RD:0), MAP:1, idle:1, candidate:0, root:0, topMAP:0[c:0,i:0][00:00:00:00:00:00][FIXED-ROOT]<>
2026-02-21T00:57:16.476 [COM8 <<] I (12381) mesh: [FAIL][46]root:0, fail:46, normal:0
2026-02-21T00:57:16.476 [COM8 <<] 
2026-02-21T00:57:16.806 [COM8 <<] I (12687) mesh: [SCAN][ch:1]AP:1, other(ID:0, RD:0), MAP:1, idle:1, candidate:0, root:0, topMAP:0[c:0,i:0][00:00:00:00:00:00][FIXED-ROOT]<>
2026-02-21T00:57:16.806 [COM8 <<] I (12688) mesh: [FAIL][47]root:0, fail:47, normal:0
2026-02-21T00:57:16.806 [COM8 <<] 
2026-02-21T00:57:17.139 [COM8 <<] I (12994) mesh: [SCAN][ch:1]AP:1, other(ID:0, RD:0), MAP:1, idle:1, candidate:0, root:0, topMAP:0[c:0,i:0][00:00:00:00:00:00][FIXED-ROOT]<>
2026-02-21T00:57:17.139 [COM8 <<] I (12995) mesh: [FAIL][48]root:0, fail:48, normal:0
2026-02-21T00:57:17.139 [COM8 <<] 
2026-02-21T00:57:17.256 [COM8 <<] I (13121) mesh: [SCAN][ch:1]AP:1, other(ID:0, RD:0), MAP:1, idle:1, candidate:0, root:0, topMAP:0[c:0,i:0][00:00:00:00:00:00][FIXED-ROOT]<>
2026-02-21T00:57:17.256 [COM8 <<] I (13123) mesh: [FAIL][49]root:0, fail:49, normal:0
2026-02-21T00:57:17.256 [COM8 <<] 
2026-02-21T00:57:17.587 [COM8 <<] I (13428) mesh: [SCAN][ch:1]AP:1, other(ID:0, RD:0), MAP:1, idle:1, candidate:0, root:0, topMAP:0[c:0,i:0][00:00:00:00:00:00][FIXED-ROOT]<>
2026-02-21T00:57:17.587 [COM8 <<] I (13430) mesh: [FAIL][50]root:0, fail:50, normal:0
2026-02-21T00:57:17.587 [COM8 <<] 
2026-02-21T00:57:17.819 [COM8 <<] I (13735) mesh: [SCAN][ch:1]AP:1, other(ID:0, RD:0), MAP:1, idle:1, candidate:0, root:0, topMAP:0[c:0,i:0][00:00:00:00:00:00][FIXED-ROOT]<>
2026-02-21T00:57:17.820 [COM8 <<] I (13737) mesh: [FAIL][51]root:0, fail:51, normal:0
2026-02-21T00:57:17.820 [COM8 <<] 
2026-02-21T00:57:17.929 [COM8 <<] I (13863) mesh: [SCAN][ch:1]AP:1, other(ID:0, RD:0), MAP:1, idle:1, candidate:0, root:0, topMAP:0[c:0,i:0][00:00:00:00:00:00][FIXED-ROOT]<>
2026-02-21T00:57:17.929 [COM8 <<] I (13864) mesh: [FAIL][52]root:0, fail:52, normal:0
2026-02-21T00:57:17.929 [COM8 <<] 
2026-02-21T00:57:18.269 [COM8 <<] I (14170) mesh: [SCAN][ch:1]AP:1, other(ID:0, RD:0), MAP:1, idle:1, candidate:0, root:0, topMAP:0[c:0,i:0][00:00:00:00:00:00][FIXED-ROOT]<>
2026-02-21T00:57:18.269 [COM8 <<] I (14171) mesh: [FAIL][53]root:0, fail:53, normal:0
2026-02-21T00:57:18.269 [COM8 <<] 
2026-02-21T00:57:18.589 [COM8 <<] I (14477) mesh: [SCAN][ch:1]AP:1, other(ID:0, RD:0), MAP:1, idle:1, candidate:0, root:0, topMAP:0[c:0,i:0][00:00:00:00:00:00][FIXED-ROOT]<>
2026-02-21T00:57:18.589 [COM8 <<] I (14478) mesh: [FAIL][54]root:0, fail:54, normal:0
2026-02-21T00:57:18.589 [COM8 <<] 
2026-02-21T00:57:18.694 [COM8 <<] I (14604) mesh: [SCAN][ch:1]AP:1, other(ID:0, RD:0), MAP:1, idle:1, candidate:0, root:0, topMAP:0[c:0,i:0][00:00:00:00:00:00][FIXED-ROOT]<>
2026-02-21T00:57:18.695 [COM8 <<] I (14606) mesh: [FAIL][55]root:0, fail:55, normal:0
2026-02-21T00:57:18.695 [COM8 <<] 
2026-02-21T00:57:19.029 [COM8 <<] I (14911) mesh: [SCAN][ch:1]AP:1, other(ID:0, RD:0), MAP:1, idle:1, candidate:0, root:0, topMAP:0[c:0,i:0][00:00:00:00:00:00][FIXED-ROOT]<>
2026-02-21T00:57:19.029 [COM8 <<] I (14913) mesh: [FAIL][56]root:0, fail:56, normal:0
2026-02-21T00:57:19.029 [COM8 <<] 
2026-02-21T00:57:19.358 [COM8 <<] I (15219) mesh: [SCAN][ch:1]AP:1, other(ID:0, RD:0), MAP:1, idle:1, candidate:0, root:0, topMAP:0[c:0,i:0][00:00:00:00:00:00][FIXED-ROOT]<>
2026-02-21T00:57:19.359 [COM8 <<] I (15220) mesh: [FAIL][57]root:0, fail:57, normal:0
2026-02-21T00:57:19.359 [COM8 <<] 
2026-02-21T00:57:19.469 [COM8 <<] I (15346) mesh: [SCAN][ch:1]AP:1, other(ID:0, RD:0), MAP:1, idle:1, candidate:0, root:0, topMAP:0[c:0,i:0][00:00:00:00:00:00][FIXED-ROOT]<>
2026-02-21T00:57:19.469 [COM8 <<] I (15347) mesh: [FAIL][58]root:0, fail:58, normal:0
2026-02-21T00:57:19.469 [COM8 <<] 
2026-02-21T00:57:19.789 [COM8 <<] I (15653) mesh: [SCAN][ch:1]AP:1, other(ID:0, RD:0), MAP:1, idle:1, candidate:0, root:0, topMAP:0[c:0,i:0][00:00:00:00:00:00][FIXED-ROOT]<>
2026-02-21T00:57:19.789 [COM8 <<] I (15654) mesh: [FAIL][59]root:0, fail:59, normal:0
2026-02-21T00:57:19.789 [COM8 <<] 
2026-02-21T00:57:20.109 [COM8 <<] I (15960) mesh: [SCAN][ch:1]AP:1, other(ID:0, RD:0), MAP:1, idle:1, candidate:0, root:0, topMAP:0[c:0,i:0][00:00:00:00:00:00][FIXED-ROOT]<>
2026-02-21T00:57:20.109 [COM8 <<] I (15961) mesh: [FAIL][60]root:0, fail:60, normal:0
2026-02-21T00:57:20.109 [COM8 <<] 
2026-02-21T00:57:20.109 [COM8 <<] I (15966) mesh: <MESH_NWK_PARENT_SELECTION>no parent found, set ROOTLESS, scan times:60, heap:189908
2026-02-21T00:57:20.110 [COM8 <<] [mesh] No parent found (attempt 1)
2026-02-21T00:57:20.110 [COM8 <<] [mesh] Scheduling root promotion in 1584 ms
2026-02-21T00:57:20.110 [COM8 <<] [mesh] Event 20
2026-02-21T00:57:20.334 [COM8 <<] I (16277) mesh: [SCAN][ch:1]AP:1, other(ID:0, RD:0), MAP:1, idle:1, candidate:0, root:0, topMAP:0[c:0,i:0][00:00:00:00:00:00][FIXED-ROOT]<>
2026-02-21T00:57:20.334 [COM8 <<] I (16278) mesh: [FAIL][61]root:0, fail:61, normal:0
2026-02-21T00:57:20.334 [COM8 <<] 
2026-02-21T00:57:20.665 [COM8 <<] I (16584) mesh: [SCAN][ch:1]AP:1, other(ID:0, RD:0), MAP:1, idle:1, candidate:0, root:0, topMAP:0[c:0,i:0][00:00:00:00:00:00][FIXED-ROOT]<>
2026-02-21T00:57:20.665 [COM8 <<] I (16586) mesh: [FAIL][62]root:0, fail:62, normal:0
2026-02-21T00:57:20.665 [COM8 <<] 
2026-02-21T00:57:20.997 [COM8 <<] I (16891) mesh: [SCAN][ch:1]AP:1, other(ID:0, RD:0), MAP:1, idle:0, candidate:1, root:1, topMAP:0[c:0,i:0][00:00:00:00:00:00][FIXED-ROOT]<>
2026-02-21T00:57:20.998 [COM8 <<] I (16893) mesh: 7388[selection]try rssi_threshold:-78, backoff times:0, max:5<-78,-82,-85>
2026-02-21T00:57:20.998 [COM8 <<] I (16901) mesh: [DONE]connect to parent:ESPM_18C594, channel:1, rssi:-40, 58:e6:c5:18:c5:95[layer:1, assoc:0], my_vote_num:0/voter_num:0, rc[00:00:00:00:00:00/-120/0]
2026-02-21T00:57:20.998 [COM8 <<] W (16915) wifi:(itwt)itwt_stop_process!
2026-02-21T00:57:20.998 [COM8 <<] I (16926) wifi:new:<1,1>, old:<1,1>, ap:<1,1>, sta:<1,0>, prof:1, snd_ch_cfg:0x0
2026-02-21T00:57:20.998 [COM8 <<] I (16927) wifi:(connect)dot11_authmode:0x1, pairwise_cipher:0x0, group_cipher:0x0
2026-02-21T00:57:20.998 [COM8 <<] I (16933) wifi:state: init -> auth (0xb0)
2026-02-21T00:57:20.998 [COM8 <<] I (16941) wifi:state: auth -> assoc (0x0)
2026-02-21T00:57:21.110 [COM8 <<] I (16991) wifi:(assoc)RESP, Extended Capabilities length:12, operating_mode_notification:0
2026-02-21T00:57:21.110 [COM8 <<] I (16991) wifi:(assoc)RESP, Extended Capabilities, MBSSID:0, TWT Responder:0, OBSS Narrow Bandwidth RU In OFDMA Tolerance:0
2026-02-21T00:57:21.110 [COM8 <<] I (17000) wifi:state: assoc -> run (0x10)
2026-02-21T00:57:21.110 [COM8 <<] I (17003) wifi:(trc)phytype:CBW20-SGI, snr:59, maxRate:144, highestRateIdx:0
2026-02-21T00:57:21.110 [COM8 <<] W (17009) wifi:(trc)band:2G, phymode:3, highestRateIdx:0, lowestRateIdx:11, dataSchedTableSize:14
2026-02-21T00:57:21.110 [COM8 <<] I (17018) wifi:(trc)band:2G, rate(S-MCS7, rateIdx:0), ampdu(rate:S-MCS7, schedIdx(0, stop:8)), snr:59, ampduState:wait operational
2026-02-21T00:57:21.111 [COM8 <<] I (17029) wifi:ifidx:0, rssi:-40, nf:-99, phytype(0x3, CBW20-SGI), phymode(0x3, 11bgn), max_rate:144, he:0, vht:0, ht:1
2026-02-21T00:57:21.111 [COM8 <<] I (17040) wifi:(ht)max.RxAMPDULenExponent:0(8191 bytes), MMSS:0(no restriction)
2026-02-21T00:57:21.111 [COM8 <<] I (17047) wifi:connected with ESPM_18C594, aid = 1, channel 1, BW20, bssid = 58:e6:c5:18:c5:95
2026-02-21T00:57:21.190 [COM8 <<] I (17055) wifi:security: Open Auth, phy:bgn, rssi:-40, cipher(pairwise:0x0, group:0x0), pmf:0, 
2026-02-21T00:57:21.190 [COM8 <<] I (17065) wifi:pm start, type: 0, twt_start:0
2026-02-21T00:57:21.190 [COM8 <<] 
2026-02-21T00:57:21.190 [COM8 <<] I (17068) wifi:pm start, type:0, aid:0x1, trans-BSSID:58:e6:c5:18:c5:95, BSSID[5]:0x95, mbssid(max-indicator:0, index:0), he:0
2026-02-21T00:57:21.190 [COM8 <<] I (17079) wifi:dp: 1, bi: 102400, li: 3, scale listen interval from 307200 us to 307200 us
2026-02-21T00:57:21.190 [COM8 <<] I (17087) wifi:set rx beacon pti, rx_bcn_pti: 10, bcn_timeout: 25000, mt_pti: 10, mt_time: 10000
2026-02-21T00:57:21.190 [COM8 <<] I (17096) wifi:AP's beacon interval = 102400 us, DTIM period = 1
2026-02-21T00:57:21.190 [COM8 <<] I (17103) mesh: <MESH_NWK_MIE_CHANGE><><><><><ROOT LOST><><>
2026-02-21T00:57:21.190 [COM8 <<] [mesh] Event 20
2026-02-21T00:57:21.190 [COM8 <<] I (17107) mesh: [scan]new scanning time:600ms, beacon interval:300ms
2026-02-21T00:57:21.190 [COM8 <<] I (17114) mesh: 2004<arm>parent monitor, my layer:2(cap:4)(node), interval:9954ms, retries:1<normal connected>
2026-02-21T00:57:21.190 [COM8 <<] [mesh] Parent connected
2026-02-21T00:57:21.190 [COM8 <<] I (17124) mesh: <MESH_NWK_MIE_CHANGE><><><><><ROOT LOST><><>
2026-02-21T00:57:21.190 [COM8 <<] W (17132) wifi:<ba-add>idx:0, ifx:0, tid:5, TAHI:0x10095c5, TALO:0x18c5e658, (ssn:0, win:64, cur_ssn:0), CONF:0xc0005005
2026-02-21T00:57:21.190 [COM8 <<] [mesh] Event 11
2026-02-21T00:57:21.291 [COM8 <<] [mesh] Root address: 58:E6:C5:18:C5:95
2026-02-21T00:57:23.488 [COM8 <<] [mesh] Received election score from 58:E6:C5:18:C5:94 score=130.2
2026-02-21T00:57:24.266 [COM8 <<] [mesh] Received election score from 58:E6:C5:18:C5:94 score=130.2
2026-02-21T00:57:24.266 [COM8 <<] [mesh] Election: 2 candidates
2026-02-21T00:57:24.266 [COM8 <<] [mesh]   58:E6:C5:19:06:30  bat=1580mV peers=0 tenure=32 score=105.8
2026-02-21T00:57:24.266 [COM8 <<] [mesh]   58:E6:C5:18:C5:94  bat=2024mV peers=1 tenure=55 score=130.2
2026-02-21T00:57:24.266 [COM8 <<] [mesh] Election winner: 58:E6:C5:18:C5:94
2026-02-21T00:57:24.266 [COM8 <<] [mesh] Role assigned: NODE (gateway=58:E6:C5:18:C5:94)
2026-02-21T00:57:24.266 [COM8 <<] [node] MeshNode role active
2026-02-21T00:57:24.266 [COM8 <<] [ftm] Initialized, responder offset=0 cm
2026-02-21T00:57:24.266 [COM8 <<] [mesh] PEER_SYNC received: 2 entries
2026-02-21T00:57:31.386 [COM8 <<] I (27317) mesh: 5161<active>parent layer:1(node), channel:1, rssi:-40, assoc:0(cnx rssi threshold:-120)my_assoc:0
2026-02-21T00:57:32.950 [COM8 <<] I (28818) mesh: 5966<scan>parent layer:1, rssi:-43, assoc:1(cnx rssi threshold:-120)
2026-02-21T00:57:32.951 [COM8 <<] I (28819) mesh: [SCAN][ch:1]AP:1, other(ID:0, RD:0), MAP:1, idle:0, candidate:1, root:1, topMAP:0[c:2,i:2][00:00:00:00:00:00][FIXED-ROOT]<weak>
2026-02-21T00:57:32.951 [COM8 <<] I (28828) mesh: 7388[weak]try rssi_threshold:-120, backoff times:0, max:5<-78,-82,-85>
2026-02-21T00:57:32.951 [COM8 <<] I (28835) mesh: 714[monitor]no change, parent:58:e6:c5:18:c5:95, rssi:-43
2026-02-21T00:57:32.951 [COM8 <<] I (28842) mesh: 2004<arm>parent monitor, my layer:2(cap:4)(node), interval:7310ms, retries:2<>
2026-02-21T00:57:40.446 [COM8 <<] I (36337) mesh: 5161<active>parent layer:1(node), channel:1, rssi:-40, assoc:1(cnx rssi threshold:-120)my_assoc:0
2026-02-21T00:57:41.979 [COM8 <<] I (37839) mesh: 5966<scan>parent layer:1, rssi:-40, assoc:1(cnx rssi threshold:-120)
2026-02-21T00:57:41.979 [COM8 <<] I (37839) mesh: [SCAN][ch:1]AP:1, other(ID:0, RD:0), MAP:1, idle:0, candidate:1, root:1, topMAP:0[c:2,i:2][00:00:00:00:00:00][FIXED-ROOT]<weak>
2026-02-21T00:57:41.979 [COM8 <<] I (37848) mesh: 7388[weak]try rssi_threshold:-120, backoff times:0, max:5<-78,-82,-85>
2026-02-21T00:57:41.979 [COM8 <<] I (37856) mesh: 714[monitor]no change, parent:58:e6:c5:18:c5:95, rssi:-40
2026-02-21T00:57:41.979 [COM8 <<] I (37862) mesh: 2004<arm>parent monitor, my layer:2(cap:4)(node), interval:6051ms, retries:3<>
2026-02-21T00:57:48.198 [COM8 <<] I (44067) mesh: 5161<active>parent layer:1(node), channel:1, rssi:-40, assoc:1(cnx rssi threshold:-120)my_assoc:0
2026-02-21T00:57:49.656 [COM8 <<] I (45569) mesh: 5966<scan>parent layer:1, rssi:-44, assoc:1(cnx rssi threshold:-120)
2026-02-21T00:57:49.656 [COM8 <<] I (45570) mesh: [SCAN][ch:1]AP:1, other(ID:0, RD:0), MAP:1, idle:0, candidate:1, root:1, topMAP:0[c:2,i:2][00:00:00:00:00:00][FIXED-ROOT]<weak>
2026-02-21T00:57:49.656 [COM8 <<] I (45578) mesh: 7388[weak]try rssi_threshold:-120, backoff times:0, max:5<-78,-82,-85>
2026-02-21T00:57:49.656 [COM8 <<] I (45586) mesh: 714[monitor]no change, parent:58:e6:c5:18:c5:95, rssi:-44
2026-02-21T00:57:49.657 [COM8 <<] I (45592) mesh: 2004<arm>parent monitor, my layer:2(cap:4)(node), interval:299259ms, retries:3<>
2026-02-21T00:58:23.487 [COM8 <<] [mesh] CONFIG_REQ set: applied 1 fields
2026-02-21T00:58:56.753 [COM8 <<] [mesh] CONFIG_REQ set: applied 1 fields
2026-02-21T00:59:01.144 [COM8 <<] I (117072) wifi:dp: 1, bi: 1024000, li: 1, scale listen interval from 307200 us to 1024000 us
2026-02-21T00:59:01.145 [COM8 <<] I (117074) mesh: [scan]new scanning time:300ms, beacon interval:100ms
2026-02-21T00:59:02.162 [COM8 <<] I (118099) mesh: [scan]new scanning time:1500ms, beacon interval:1000ms
2026-02-21T00:59:25.736 [COM8 <<] I (141649) mesh: 5127<assoc>parent layer:1, channel:1, rssi:-39, assoc:1, rssi threshold<-78,-82,-85>
2026-02-21T00:59:37.146 [COM8 <<] [mesh] CONFIG_REQ set: applied 1 fields
